0 info it worked if it ends with ok
1 verbose cli [ '/usr/local/bin/node', '/usr/local/bin/npm', 'run', 'dev' ]
2 info using npm@1.4.21
3 info using node@v0.10.30
4 verbose run-script [ 'predev', 'dev', 'postdev' ]
5 info predev scrape-indiegogo@0.0.0
6 info dev scrape-indiegogo@0.0.0
7 verbose unsafe-perm in lifecycle true
8 info scrape-indiegogo@0.0.0 Failed to exec dev script
9 error scrape-indiegogo@0.0.0 dev: `DEBUG=indiegogo ./bin/www`
9 error Exit status 8
10 error Failed at the scrape-indiegogo@0.0.0 dev script.
10 error This is most likely a problem with the scrape-indiegogo package,
10 error not with npm itself.
10 error Tell the author that this fails on your system:
10 error     DEBUG=indiegogo ./bin/www
10 error You can get their info via:
10 error     npm owner ls scrape-indiegogo
10 error There is likely additional logging output above.
11 error System Darwin 14.0.0
12 error command "/usr/local/bin/node" "/usr/local/bin/npm" "run" "dev"
13 error cwd /Users/jklb/Development/labs/campaign-scraper
14 error node -v v0.10.30
15 error npm -v 1.4.21
16 error code ELIFECYCLE
17 verbose exit [ 1, true ]
